{
  "RSpec": {
    "coverage": {
      "/Users/hailexiao/Launch-Academy/Rentr/app/models/landlord.rb": [
        1,
        null,
        null,
        1,
        null,
        null,
        1,
        null,
        1,
        1,
        null,
        null
      ],
      "/Users/hailexiao/Launch-Academy/Rentr/app/models/tenant.rb": [
        1,
        null,
        null,
        1,
        null,
        null,
        1,
        null,
        1,
        1,
        null,
        null
      ],
      "/Users/hailexiao/Launch-Academy/Rentr/app/helpers/application_helper.rb": [
        1,
        null
      ],
      "/Users/hailexiao/Launch-Academy/Rentr/app/helpers/welcome_helper.rb": [
        1,
        null
      ],
      "/Users/hailexiao/Launch-Academy/Rentr/app/controllers/welcome_controller.rb": [
        1,
        1,
        null,
        null
      ],
      "/Users/hailexiao/Launch-Academy/Rentr/app/controllers/application_controller.rb": [
        1,
        null,
        null,
        1,
        null
      ],
      "/Users/hailexiao/Launch-Academy/Rentr/app/models/bill.rb": [
        1,
        1,
        1,
        null,
        1,
        1,
        null
      ],
      "/Users/hailexiao/Launch-Academy/Rentr/app/models/electric_utility.rb": [
        1,
        1,
        null
      ],
      "/Users/hailexiao/Launch-Academy/Rentr/app/models/gas_utility.rb": [
        1,
        1,
        null
      ],
      "/Users/hailexiao/Launch-Academy/Rentr/app/models/neighborhood.rb": [
        1,
        1,
        null
      ],
      "/Users/hailexiao/Launch-Academy/Rentr/app/models/rental_unit.rb": [
        1,
        1,
        1,
        1,
        1,
        1,
        1,
        null,
        1,
        null,
        1,
        1,
        null,
        null,
        null,
        1,
        null,
        1,
        1,
        null,
        null,
        null
      ]
    },
    "timestamp": 1444148383
  }
}
